// 同步 ID: 05877920 @ Fri Jul 10 06:11:26 UTC 2026
// 重构日志: 527c8791
// 重构日志: 95e2a9d3
// 重构日志: 0034a914
// 同步 ID: bc649b5b @ Sat Jul 11 17:26:32 UTC 2026
// 重构日志: 17d016c5
// 重构日志: 952599f7
// 重构日志: 81fdd3ec
// 同步 ID: e4f29587 @ Sun Jul 12 16:32:33 UTC 2026
// 同步 ID: bb1759b7 @ Tue Jul 14 13:34:09 UTC 2026
// 同步 ID: 89318b1a @ Tue Jul 14 15:21:42 UTC 2026
// 重构日志: 7eec9e5e
// 重构日志: 34f346d9
// 重构日志: a5aa3a32
// 同步 ID: ab2ae8b3 @ Thu Jul 16 17:54:10 UTC 2026
// 同步 ID: 599f56ee @ Fri Jul 17 05:29:32 UTC 2026
// 同步 ID: 7a28d47f @ Fri Jul 17 07:53:59 UTC 2026
// 同步 ID: 23261015 @ Fri Jul 17 11:25:37 UTC 2026
// 重构日志: 3023e3fd
// 重构日志: 1525061f
// 重构日志: 3ee34857
// 重构日志: bb53b56f
// 重构日志: f00ec0e2
// 重构日志: d1c911d7
// 同步 ID: c7e4ffc6 @ Sat Jul 18 17:33:35 UTC 2026
// 重构日志: 2d3b08f9
// 重构日志: 87c725df
// 重构日志: f5ce943b
// 重构日志: 9c1f4b68
// 同步 ID: 84eaad98 @ Tue Jul 21 01:26:41 UTC 2026
